15:08:36.709 request:
1 > GET https://reqres.in/api/users
1 > Accept-Encoding: gzip,deflate
1 > Connection: Keep-Alive
1 > Host: reqres.in
1 > User-Agent: Apache-HttpClient/4.5.12 (Java/11.0.16.1)

15:08:36.957 response time in milliseconds: 245,02
1 < 200
1 < Access-Control-Allow-Origin: *
1 < Age: 211
1 < CF-Cache-Status: HIT
1 < CF-RAY: 755ea0736aff73cb-MRS
1 < Cache-Control: max-age=14400
1 < Connection: keep-alive
1 < Content-Type: application/json; charset=utf-8
1 < Date: Thu, 06 Oct 2022 13:08:37 GMT
1 < Etag: W/"3e4-2RLXvr5wTg9YQ6aH95CkYoFNuO8"
1 < NEL: {"success_fraction":0,"report_to":"cf-nel","max_age":604800}
1 < Report-To: {"endpoints":[{"url":"https:\/\/a.nel.cloudflare.com\/report\/v3?s=sZ7e41CXH2AZa7iG6YcA8fYuo%2BBrWTeE9yDtbEUlO%2Fyw5oLPDZMFgTeI3NpPloE0VEYgbvMKt%2F%2Fd2Q31QWGBaun06zLJsJu14hBqc3z8NHzqG6W1JuthQkT%2Fhg%3D%3D"}],"group":"cf-nel","max_age":604800}
1 < Server: cloudflare
1 < Transfer-Encoding: chunked
1 < Vary: Accept-Encoding
1 < Via: 1.1 vegur
1 < X-Powered-By: Express
{"page":1,"per_page":6,"total":12,"total_pages":2,"data":[{"id":1,"email":"george.bluth@reqres.in","first_name":"George","last_name":"Bluth","avatar":"https://reqres.in/img/faces/1-image.jpg"},{"id":2,"email":"janet.weaver@reqres.in","first_name":"Janet","last_name":"Weaver","avatar":"https://reqres.in/img/faces/2-image.jpg"},{"id":3,"email":"emma.wong@reqres.in","first_name":"Emma","last_name":"Wong","avatar":"https://reqres.in/img/faces/3-image.jpg"},{"id":4,"email":"eve.holt@reqres.in","first_name":"Eve","last_name":"Holt","avatar":"https://reqres.in/img/faces/4-image.jpg"},{"id":5,"email":"charles.morris@reqres.in","first_name":"Charles","last_name":"Morris","avatar":"https://reqres.in/img/faces/5-image.jpg"},{"id":6,"email":"tracey.ramos@reqres.in","first_name":"Tracey","last_name":"Ramos","avatar":"https://reqres.in/img/faces/6-image.jpg"}],"support":{"url":"https://reqres.in/#support-heading","text":"To keep ReqRes free, contributions towards server costs are appreciated!"}}

15:08:36.975 [print] la reponse :  [
  {
    "last_name": "Bluth",
    "id": 1,
    "avatar": "https://reqres.in/img/faces/1-image.jpg",
    "first_name": "George",
    "email": "george.bluth@reqres.in"
  },
  {
    "last_name": "Weaver",
    "id": 2,
    "avatar": "https://reqres.in/img/faces/2-image.jpg",
    "first_name": "Janet",
    "email": "janet.weaver@reqres.in"
  },
  {
    "last_name": "Wong",
    "id": 3,
    "avatar": "https://reqres.in/img/faces/3-image.jpg",
    "first_name": "Emma",
    "email": "emma.wong@reqres.in"
  },
  {
    "last_name": "Holt",
    "id": 4,
    "avatar": "https://reqres.in/img/faces/4-image.jpg",
    "first_name": "Eve",
    "email": "eve.holt@reqres.in"
  },
  {
    "last_name": "Morris",
    "id": 5,
    "avatar": "https://reqres.in/img/faces/5-image.jpg",
    "first_name": "Charles",
    "email": "charles.morris@reqres.in"
  },
  {
    "last_name": "Ramos",
    "id": 6,
    "avatar": "https://reqres.in/img/faces/6-image.jpg",
    "first_name": "Tracey",
    "email": "tracey.ramos@reqres.in"
  }
]

"https://reqres.in/img/faces/6-image.jpg",
      "first_name": "Tracey",
      "email": "tracey.ramos@reqres.in"
    }
  ],
  "page": 1,
  "total_pages": 2,
  "support": {
    "text": "To keep ReqRes free, contributions towards server costs are appreciated!",
    "url": "https://reqres.in/#support-heading"
  }
}

14:51:29.184 request:
1 > GET https://reqres.in/api/users
1 > Accept-Encoding: gzip,deflate
1 > Connection: Keep-Alive
1 > Host: reqres.in
1 > User-Agent: Apache-HttpClient/4.5.12 (Java/11.0.16.1)

14:51:29.266 response time in milliseconds: 78,77
1 < 200
1 < Access-Control-Allow-Origin: *
1 < Age: 6393
1 < CF-Cache-Status: HIT
1 < CF-RAY: 755e875c58037348-MRS
1 < Cache-Control: max-age=14400
1 < Connection: keep-alive
1 < Content-Type: application/json; charset=utf-8
1 < Date: Thu, 06 Oct 2022 12:51:29 GMT
1 < Etag: W/"3e4-2RLXvr5wTg9YQ6aH95CkYoFNuO8"
1 < NEL: {"success_fraction":0,"report_to":"cf-nel","max_age":604800}
1 < Report-To: {"endpoints":[{"url":"https:\/\/a.nel.cloudflare.com\/report\/v3?s=EFhNS3ZjGmLs%2BxHgr1t1a%2BQBsncwwSCGPD8a2LzytjlzDDPI%2BYDLNatfI7TgzxQBZRJB2958Eq473L4pzdg%2FwNDIr0X9R6Y7mbIkNkUCP90acXFNa61FKslDOw%3D%3D"}],"group":"cf-nel","max_age":604800}
1 < Server: cloudflare
1 < Transfer-Encoding: chunked
1 < Vary: Accept-Encoding
1 < Via: 1.1 vegur
1 < X-Powered-By: Express
{"page":1,"per_page":6,"total":12,"total_pages":2,"data":[{"id":1,"email":"george.bluth@reqres.in","first_name":"George","last_name":"Bluth","avatar":"https://reqres.in/img/faces/1-image.jpg"},{"id":2,"email":"janet.weaver@reqres.in","first_name":"Janet","last_name":"Weaver","avatar":"https://reqres.in/img/faces/2-image.jpg"},{"id":3,"email":"emma.wong@reqres.in","first_name":"Emma","last_name":"Wong","avatar":"https://reqres.in/img/faces/3-image.jpg"},{"id":4,"email":"eve.holt@reqres.in","first_name":"Eve","last_name":"Holt","avatar":"https://reqres.in/img/faces/4-image.jpg"},{"id":5,"email":"charles.morris@reqres.in","first_name":"Charles","last_name":"Morris","avatar":"https://reqres.in/img/faces/5-image.jpg"},{"id":6,"email":"tracey.ramos@reqres.in","first_name":"Tracey","last_name":"Ramos","avatar":"https://reqres.in/img/faces/6-image.jpg"}],"support":{"url":"https://reqres.in/#support-heading","text":"To keep ReqRes free, contributions towards server costs are appreciated!"}}

14:51:29.285 [print] la reponse :  [
  {
    "last_name": "Bluth",
    "id": 1,
    "avatar": "https://reqres.in/img/faces/1-image.jpg",
    "first_name": "George",
    "email": "george.bluth@reqres.in"
  },
  {
    "last_name": "Weaver",
    "id": 2,
    "avatar": "https://reqres.in/img/faces/2-image.jpg",
    "first_name": "Janet",
    "email": "janet.weaver@reqres.in"
  },
  {
    "last_name": "Wong",
    "id": 3,
    "avatar": "https://reqres.in/img/faces/3-image.jpg",
    "first_name": "Emma",
    "email": "emma.wong@reqres.in"
  },
  {
    "last_name": "Holt",
    "id": 4,
    "avatar": "https://reqres.in/img/faces/4-image.jpg",
    "first_name": "Eve",
    "email": "eve.holt@reqres.in"
  },
  {
    "last_name": "Morris",
    "id": 5,
    "avatar": "https://reqres.in/img/faces/5-image.jpg",
    "first_name": "Charles",
    "email": "charles.morris@reqres.in"
  },
  {
    "last_name": "Ramos",
    "id": 6,
    "avatar": "https://reqres.in/img/faces/6-image.jpg",
    "first_name": "Tracey",
    "email": "tracey.ramos@reqres.in"
  }
]

charles.morris@reqres.in"
  },
  {
    "last_name": "Ramos",
    "id": 6,
    "avatar": "https://reqres.in/img/faces/6-image.jpg",
    "first_name": "Tracey",
    "email": "tracey.ramos@reqres.in"
  }
]

tps://reqres.in/img/faces/6-image.jpg",
      "first_name": "Tracey",
      "email": "tracey.ramos@reqres.in"
    }
  ],
  "page": 1,
  "total_pages": 2,
  "support": {
    "text": "To keep ReqRes free, contributions towards server costs are appreciated!",
    "url": "https://reqres.in/#support-heading"
  }
}


}

.439 skipping bootstrap configuration: could not find or read file: classpath:karate-config.js
14:18:18.444 request:
1 > GET https://reqres.in/api/users
1 > Accept-Encoding: gzip,deflate
1 > Connection: Keep-Alive
1 > Host: reqres.in
1 > User-Agent: Apache-HttpClient/4.5.12 (Java/11.0.16.1)

14:18:18.535 response time in milliseconds: 88,64
1 < 200
1 < Access-Control-Allow-Origin: *
1 < Age: 4402
1 < CF-Cache-Status: HIT
1 < CF-RAY: 755e56c22de97344-MRS
1 < Cache-Control: max-age=14400
1 < Connection: keep-alive
1 < Content-Type: application/json; charset=utf-8
1 < Date: Thu, 06 Oct 2022 12:18:18 GMT
1 < Etag: W/"3e4-2RLXvr5wTg9YQ6aH95CkYoFNuO8"
1 < NEL: {"success_fraction":0,"report_to":"cf-nel","max_age":604800}
1 < Report-To: {"endpoints":[{"url":"https:\/\/a.nel.cloudflare.com\/report\/v3?s=0JgDvBzO%2F6OEnfwymYIRzQwPxsAEg8nS7%2Bji4KnUadVjffbK0QBW8utPtzz00zI%2B6fhLmvo5K5GsAl50i8oUQe4F5iK7mWL4VmEfW%2FkBOzWA7clG1l5to0cVAA%3D%3D"}],"group":"cf-nel","max_age":604800}
1 < Server: cloudflare
1 < Transfer-Encoding: chunked
1 < Vary: Accept-Encoding
1 < Via: 1.1 vegur
1 < X-Powered-By: Express
{"page":1,"per_page":6,"total":12,"total_pages":2,"data":[{"id":1,"email":"george.bluth@reqres.in","first_name":"George","last_name":"Bluth","avatar":"https://reqres.in/img/faces/1-image.jpg"},{"id":2,"email":"janet.weaver@reqres.in","first_name":"Janet","last_name":"Weaver","avatar":"https://reqres.in/img/faces/2-image.jpg"},{"id":3,"email":"emma.wong@reqres.in","first_name":"Emma","last_name":"Wong","avatar":"https://reqres.in/img/faces/3-image.jpg"},{"id":4,"email":"eve.holt@reqres.in","first_name":"Eve","last_name":"Holt","avatar":"https://reqres.in/img/faces/4-image.jpg"},{"id":5,"email":"charles.morris@reqres.in","first_name":"Charles","last_name":"Morris","avatar":"https://reqres.in/img/faces/5-image.jpg"},{"id":6,"email":"tracey.ramos@reqres.in","first_name":"Tracey","last_name":"Ramos","avatar":"https://reqres.in/img/faces/6-image.jpg"}],"support":{"url":"https://reqres.in/#support-heading","text":"To keep ReqRes free, contributions towards server costs are appreciated!"}}

14:18:18.584 [print] la reponse :  [
  {
    "last_name": "Bluth",
    "id": 1,
    "avatar": "https://reqres.in/img/faces/1-image.jpg",
    "first_name": "George",
    "email": "george.bluth@reqres.in"
  },
  {
    "last_name": "Weaver",
    "id": 2,
    "avatar": "https://reqres.in/img/faces/2-image.jpg",
    "first_name": "Janet",
    "email": "janet.weaver@reqres.in"
  },
  {
    "last_name": "Wong",
    "id": 3,
    "avatar": "https://reqres.in/img/faces/3-image.jpg",
    "first_name": "Emma",
    "email": "emma.wong@reqres.in"
  },
  {
    "last_name": "Holt",
    "id": 4,
    "avatar": "https://reqres.in/img/faces/4-image.jpg",
    "first_name": "Eve",
    "email": "eve.holt@reqres.in"
  },
  {
    "last_name": "Morris",
    "id": 5,
    "avatar": "https://reqres.in/img/faces/5-image.jpg",
    "first_name": "Charles",
    "email": "charles.morris@reqres.in"
  },
  {
    "last_name": "Ramos",
    "id": 6,
    "avatar": "https://reqres.in/img/faces/6-image.jpg",
    "first_name": "Tracey",
    "email": "tracey.ramos@reqres.in"
  }
]

